<?xml version="1.0" encoding="UTF-8"?>
<testsuite xmlns:xsi="http://www.w3.org/2001/XMLSchema-instance" xsi:noNamespaceSchemaLocation="https://maven.apache.org/surefire/maven-surefire-plugin/xsd/surefire-test-report.xsd" name="com.UFTDeveloperTest" time="12.608" tests="1" errors="0" skipped="0" failures="0">
  <properties>
    <property name="sun.desktop" value="windows"/>
    <property name="awt.toolkit" value="sun.awt.windows.WToolkit"/>
    <property name="java.specification.version" value="11"/>
    <property name="sun.cpu.isalist" value="amd64"/>
    <property name="sun.jnu.encoding" value="Cp1252"/>
    <property name="java.class.path" value="C:\Users\demo\IdeaProjects\UFTDev_AOS\target\test-classes;C:\Users\demo\IdeaProjects\UFTDev_AOS\target\classes;C:\Users\demo\.m2\repository\junit\junit\4.13.1\junit-4.13.1.jar;C:\Users\demo\.m2\repository\org\hamcrest\hamcrest-core\1.3\hamcrest-core-1.3.jar;C:\Users\demo\.m2\repository\com\hp\lft\sdk\2021.1.0\sdk-2021.1.0.jar;C:\Users\demo\.m2\repository\com\google\code\gson\gson\2.7\gson-2.7.jar;C:\Users\demo\.m2\repository\org\glassfish\tyrus\bundles\tyrus-standalone-client\2.0.0-M1\tyrus-standalone-client-2.0.0-M1.jar;C:\Users\demo\.m2\repository\org\reflections\reflections\0.9.10\reflections-0.9.10.jar;C:\Users\demo\.m2\repository\com\google\code\findbugs\annotations\2.0.1\annotations-2.0.1.jar;C:\Users\demo\.m2\repository\com\google\guava\guava\31.0.1-jre\guava-31.0.1-jre.jar;C:\Users\demo\.m2\repository\com\google\guava\failureaccess\1.0.1\failureaccess-1.0.1.jar;C:\Users\demo\.m2\repository\com\google\guava\listenablefuture\9999.0-empty-to-avoid-conflict-with-guava\listenablefuture-9999.0-empty-to-avoid-conflict-with-guava.jar;C:\Users\demo\.m2\repository\com\google\code\findbugs\jsr305\3.0.2\jsr305-3.0.2.jar;C:\Users\demo\.m2\repository\org\checkerframework\checker-qual\3.12.0\checker-qual-3.12.0.jar;C:\Users\demo\.m2\repository\com\google\errorprone\error_prone_annotations\2.7.1\error_prone_annotations-2.7.1.jar;C:\Users\demo\.m2\repository\com\google\j2objc\j2objc-annotations\1.3\j2objc-annotations-1.3.jar;C:\Users\demo\.m2\repository\org\javassist\javassist\3.19.0-GA\javassist-3.19.0-GA.jar;C:\Users\demo\.m2\repository\com\hp\lft\common\2021.1.0\common-2021.1.0.jar;C:\Users\demo\.m2\repository\net\java\dev\jna\jna-platform\4.2.2\jna-platform-4.2.2.jar;C:\Users\demo\.m2\repository\net\java\dev\jna\jna\4.2.2\jna-4.2.2.jar;C:\Users\demo\.m2\repository\commons-codec\commons-codec\1.11\commons-codec-1.11.jar;C:\Users\demo\.m2\repository\com\hp\lft\report\2021.1.0\report-2021.1.0.jar;C:\Users\demo\.m2\repository\com\hp\lft\reportbuilder\2021.1.0\reportbuilder-2021.1.0.jar;C:\Users\demo\.m2\repository\com\hp\lft\unittesting\2021.1.0\unittesting-2021.1.0.jar;C:\Users\demo\.m2\repository\com\hp\lft\verifications\2021.1.0\verifications-2021.1.0.jar;"/>
    <property name="java.vm.vendor" value="Oracle Corporation"/>
    <property name="sun.arch.data.model" value="64"/>
    <property name="user.variant" value=""/>
    <property name="java.vendor.url" value="https://openjdk.java.net/"/>
    <property name="user.timezone" value="UTC"/>
    <property name="java.vm.specification.version" value="11"/>
    <property name="os.name" value="Windows Server 2019"/>
    <property name="sun.java.launcher" value="SUN_STANDARD"/>
    <property name="user.country" value="US"/>
    <property name="sun.boot.library.path" value="C:\Program Files\OpenJDK\openjdk-11.0.15_10\bin"/>
    <property name="sun.java.command" value="C:\Users\demo\AppData\Local\Temp\1\surefire10269061414033539150\surefirebooter10442125605212900752.jar C:\Users\demo\AppData\Local\Temp\1\surefire10269061414033539150 2023-01-06T15-03-01_256-jvmRun1 surefire11539319815053095991tmp surefire_010273260032001812250tmp"/>
    <property name="jdk.debug" value="release"/>
    <property name="surefire.test.class.path" value="C:\Users\demo\IdeaProjects\UFTDev_AOS\target\test-classes;C:\Users\demo\IdeaProjects\UFTDev_AOS\target\classes;C:\Users\demo\.m2\repository\junit\junit\4.13.1\junit-4.13.1.jar;C:\Users\demo\.m2\repository\org\hamcrest\hamcrest-core\1.3\hamcrest-core-1.3.jar;C:\Users\demo\.m2\repository\com\hp\lft\sdk\2021.1.0\sdk-2021.1.0.jar;C:\Users\demo\.m2\repository\com\google\code\gson\gson\2.7\gson-2.7.jar;C:\Users\demo\.m2\repository\org\glassfish\tyrus\bundles\tyrus-standalone-client\2.0.0-M1\tyrus-standalone-client-2.0.0-M1.jar;C:\Users\demo\.m2\repository\org\reflections\reflections\0.9.10\reflections-0.9.10.jar;C:\Users\demo\.m2\repository\com\google\code\findbugs\annotations\2.0.1\annotations-2.0.1.jar;C:\Users\demo\.m2\repository\com\google\guava\guava\31.0.1-jre\guava-31.0.1-jre.jar;C:\Users\demo\.m2\repository\com\google\guava\failureaccess\1.0.1\failureaccess-1.0.1.jar;C:\Users\demo\.m2\repository\com\google\guava\listenablefuture\9999.0-empty-to-avoid-conflict-with-guava\listenablefuture-9999.0-empty-to-avoid-conflict-with-guava.jar;C:\Users\demo\.m2\repository\com\google\code\findbugs\jsr305\3.0.2\jsr305-3.0.2.jar;C:\Users\demo\.m2\repository\org\checkerframework\checker-qual\3.12.0\checker-qual-3.12.0.jar;C:\Users\demo\.m2\repository\com\google\errorprone\error_prone_annotations\2.7.1\error_prone_annotations-2.7.1.jar;C:\Users\demo\.m2\repository\com\google\j2objc\j2objc-annotations\1.3\j2objc-annotations-1.3.jar;C:\Users\demo\.m2\repository\org\javassist\javassist\3.19.0-GA\javassist-3.19.0-GA.jar;C:\Users\demo\.m2\repository\com\hp\lft\common\2021.1.0\common-2021.1.0.jar;C:\Users\demo\.m2\repository\net\java\dev\jna\jna-platform\4.2.2\jna-platform-4.2.2.jar;C:\Users\demo\.m2\repository\net\java\dev\jna\jna\4.2.2\jna-4.2.2.jar;C:\Users\demo\.m2\repository\commons-codec\commons-codec\1.11\commons-codec-1.11.jar;C:\Users\demo\.m2\repository\com\hp\lft\report\2021.1.0\report-2021.1.0.jar;C:\Users\demo\.m2\repository\com\hp\lft\reportbuilder\2021.1.0\reportbuilder-2021.1.0.jar;C:\Users\demo\.m2\repository\com\hp\lft\unittesting\2021.1.0\unittesting-2021.1.0.jar;C:\Users\demo\.m2\repository\com\hp\lft\verifications\2021.1.0\verifications-2021.1.0.jar;"/>
    <property name="sun.cpu.endian" value="little"/>
    <property name="user.home" value="C:\Users\demo"/>
    <property name="user.language" value="en"/>
    <property name="java.specification.vendor" value="Oracle Corporation"/>
    <property name="java.version.date" value="2022-04-19"/>
    <property name="java.home" value="C:\Program Files\OpenJDK\openjdk-11.0.15_10"/>
    <property name="file.separator" value="\"/>
    <property name="basedir" value="C:\Users\demo\IdeaProjects\UFTDev_AOS"/>
    <property name="java.vm.compressedOopsMode" value="32-bit"/>
    <property name="line.separator" value="&#10;"/>
    <property name="java.specification.name" value="Java Platform API Specification"/>
    <property name="java.vm.specification.vendor" value="Oracle Corporation"/>
    <property name="java.awt.graphicsenv" value="sun.awt.Win32GraphicsEnvironment"/>
    <property name="surefire.real.class.path" value="C:\Users\demo\AppData\Local\Temp\1\surefire10269061414033539150\surefirebooter10442125605212900752.jar"/>
    <property name="user.script" value=""/>
    <property name="sun.management.compiler" value="HotSpot 64-Bit Tiered Compilers"/>
    <property name="java.runtime.version" value="11.0.15+10"/>
    <property name="user.name" value="demo"/>
    <property name="path.separator" value=";"/>
    <property name="os.version" value="10.0"/>
    <property name="java.runtime.name" value="OpenJDK Runtime Environment"/>
    <property name="file.encoding" value="Cp1252"/>
    <property name="java.vm.name" value="OpenJDK 64-Bit Server VM"/>
    <property name="java.vendor.version" value="18.9"/>
    <property name="localRepository" value="C:\Users\demo\.m2\repository"/>
    <property name="java.vendor.url.bug" value="https://bugreport.java.com/bugreport/"/>
    <property name="java.io.tmpdir" value="C:\Users\demo\AppData\Local\Temp\1\"/>
    <property name="idea.version" value="2020.3.2"/>
    <property name="java.version" value="11.0.15"/>
    <property name="user.dir" value="C:\Users\demo\IdeaProjects\UFTDev_AOS"/>
    <property name="os.arch" value="amd64"/>
    <property name="java.vm.specification.name" value="Java Virtual Machine Specification"/>
    <property name="java.awt.printerjob" value="sun.awt.windows.WPrinterJob"/>
    <property name="sun.os.patch.level" value=""/>
    <property name="java.library.path" value="C:\Program Files\OpenJDK\openjdk-11.0.15_10\bin;C:\Windows\Sun\Java\bin;C:\Windows\system32;C:\Windows;C:\Program Files (x86)\Micro Focus\LoadRunner\bin;C:\program files (x86)\micro focus\UFT One\bin\WebDriver;C:\Program Files (x86)\Micro Focus\Reflection\;C:\Program Files\Micro Focus\NV\lib\shunra\vcat;C:\Program Files (x86)\Micro Focus\LoadRunner\bin\DevWeb;C:\Windows\system32;C:\Windows;C:\Windows\System32\Wbem;C:\Windows\System32\WindowsPowerShell\v1.0\;C:\Windows\System32\OpenSSH\;C:\ProgramData\chocolatey\bin;C:\opscode\chef\bin\;C:\Program Files\nodejs\;C:\Program Files\OpenJDK\openjdk-11.0.15_10\bin;C:\Program Files\OpenJDK\openjdk-8u332-b09\bin;C:\Program Files\PostgreSQL\12\bin;C:\ProgramData\chocolatey\lib\maven\apache-maven-3.8.6\bin;C:\Program Files\Git\cmd;C:\Strawberry\c\bin;C:\Strawberry\perl\site\bin;C:\Strawberry\perl\bin;C:\Program Files (x86)\Microsoft SQL Server\150\DTS\Binn\;C:\Program Files\Azure Data Studio\bin;C:\Users\demo\AppData\Local\Microsoft\WindowsApps;C:\Users\demo\AppData\Roaming\npm;C:\tools\Cmder;C:\Program Files\Microsoft SQL Server\Client SDK\ODBC\170\Tools\Binn\;C:\Program Files (x86)\Microsoft SQL Server\150\Tools\Binn\;C:\Program Files\Microsoft SQL Server\150\Tools\Binn\;C:\Program Files\Microsoft SQL Server\150\DTS\Binn\;C:\Program Files (x86)\Silk\SilkTest;C:\Program Files (x86)\Silk\SilkTest\ng\gui;C:\Program Files (x86)\dotnet\;C:\Program Files (x86)\Micro Focus\UFT One\bin;C:\Users\demo\AppData\Local\Microsoft\WindowsApps;C:\Users\demo\AppData\Roaming\npm;C:\tools\Cmder;C:\Program Files\Azure Data Studio\bin;C:\Users\demo\AppData\Local\Programs\Microsoft VS Code\bin;C:\Users\demo\.dotnet\tools;C:\Program Files\java_latest\jdk-19.0.1\bin;C:\Program Files\maven\apache-maven-3.8.7\bin;;."/>
    <property name="java.vm.info" value="mixed mode"/>
    <property name="java.vendor" value="Oracle Corporation"/>
    <property name="java.vm.version" value="11.0.15+10"/>
    <property name="sun.io.unicode.encoding" value="UnicodeLittle"/>
    <property name="java.class.version" value="55.0"/>
  </properties>
  <testcase name="test" classname="com.UFTDeveloperTest" time="7.96"/>
</testsuite>